<?xml version="1.0" encoding="UTF-8"?>
<!-- Generated by org.testng.reporters.JUnitXMLReporter -->
<testsuite hostname="MAYUR" ignored="0" name="Functional Test" tests="1" failures="1" timestamp="01 Feb 2021 11:45:28 GMT" time="46.955" errors="0">
  <testcase name="amazonProductVerification" time="37.584" classname="module1.Test.AmazonTest">
    <failure type="java.lang.AssertionError" message="Second Product name mismatched, actual is Nikon D850 FX-Format Digital SLR Camera with Nikon AF-S NIKKOR 500mm f/5.6E PF ED VR Super-Telephoto Lens expected [true] but found [false]">
      <![CDATA[java.lang.AssertionError: Second Product name mismatched, actual is Nikon D850 FX-Format Digital SLR Camera with Nikon AF-S NIKKOR 500mm f/5.6E PF ED VR Super-Telephoto Lens expected [true] but found [false]
at module1.page.HomePage.VerifyProductName(HomePage.java:37)
at module1.Test.AmazonTest.amazonProductVerification(AmazonTest.java:25)
... Removed 28 stack frames]]>
    </failure>
  </testcase> <!-- amazonProductVerification -->
</testsuite> <!-- Functional Test -->
