<?xml version="1.0" encoding="UTF-8"?>
<testsuite xmlns:xsi="http://www.w3.org/2001/XMLSchema-instance" xsi:schemaLocation="https://maven.apache.org/surefire/maven-surefire-plugin/xsd/surefire-test-report.xsd" name="TestSuite" time="61.168" tests="1" errors="0" skipped="0" failures="1">
  <properties>
[...]
</properties>
  <testcase name="amazonProductVerification" classname="module1.Test.AmazonTest" time="47.951">
    <failure message="Second Product name mismatched, actual is Nikon D850 FX-Format Digital SLR Camera with Nikon AF-S NIKKOR 500mm f/5.6E PF ED VR Super-Telephoto Lens expected [true] but found [false]" type="java.lang.AssertionError">java.lang.AssertionError: Second Product name mismatched, actual is Nikon D850 FX-Format Digital SLR Camera with Nikon AF-S NIKKOR 500mm f/5.6E PF ED VR Super-Telephoto Lens expected [true] but found [false]
	at module1.Test.AmazonTest.amazonProductVerification(AmazonTest.java:25)
</failure>
    <system-out><![CDATA[Driver is initializing...
*** Test Suite Functional Test started ***
*** Running test method amazonProductVerification...
Directory already exists: D:\POM Framework\Assignment_POM\TestReport
Nikon D850 FX-Format Digital SLR Camera with Nikon AF-S NIKKOR 500mm f/5.6E PF ED VR Super-Telephoto Lens Nikon D3X
]]></system-out>
    <system-err><![CDATA[Starting ChromeDriver 2.36.540470 (e522d04694c7ebea4ba8821272dbef4f9b818c91) on port 7256
Only local connections are allowed.
Feb 01, 2021 5:20:07 PM org.openqa.selenium.remote.ProtocolHandshake createSession
INFO: Detected dialect: OSS
]]></system-err>
  </testcase>
</testsuite>