<?xml version="1.0" encoding="UTF-8" ?>
<testsuite tests="5" failures="2" name="testRunner.runTest" time="0.018" errors="0" skipped="0">
  <properties>
[...]
</properties>
  <testcase classname="| https://www.amazon.com |" name="Given User is on Amazon page https://www.amazon.com" time="0.007"/>
  <testcase classname="| https://www.amazon.com |" name="When User searches for Nikon, sort the filter from highest to Lowest" time="0"/>
  <testcase classname="| https://www.amazon.com |" name="And User clicks on second product" time="0"/>
  <testcase classname="| https://www.amazon.com |" name="Then Verify the product name as Nikon D3X" time="0.005">
    <failure message="Second Product name mismatched, actual is Nikon D850 FX-Format Digital SLR Camera with Nikon AF-S NIKKOR 500mm f/5.6E PF ED VR Super-Telephoto Lens" type="java.lang.AssertionError">java.lang.AssertionError: Second Product name mismatched, actual is Nikon D850 FX-Format Digital SLR Camera with Nikon AF-S NIKKOR 500mm f/5.6E PF ED VR Super-Telephoto Lens
	at org.junit.Assert.fail(Assert.java:88)
	at org.junit.Assert.assertTrue(Assert.java:41)
	at stepDefs.stepDefinition.verifyProductName(stepDefinition.java:54)
	at ✽.Then Verify the product name as Nikon D3X(src/test/java/features/AmazonSearchProduct.feature:7)
</failure>
    <system-out>Nikon D850 FX-Format Digital SLR Camera with Nikon AF-S NIKKOR 500mm f/5.6E PF ED VR Super-Telephoto Lens Nikon D3X
</system-out>
  </testcase>
  <testcase classname="| https://www.amazon.com |" name="| https://www.amazon.com |" time="0.006">
    <failure message="Second Product name mismatched, actual is Nikon D850 FX-Format Digital SLR Camera with Nikon AF-S NIKKOR 500mm f/5.6E PF ED VR Super-Telephoto Lens" type="java.lang.AssertionError">java.lang.AssertionError: Second Product name mismatched, actual is Nikon D850 FX-Format Digital SLR Camera with Nikon AF-S NIKKOR 500mm f/5.6E PF ED VR Super-Telephoto Lens
	at org.junit.Assert.fail(Assert.java:88)
	at org.junit.Assert.assertTrue(Assert.java:41)
	at stepDefs.stepDefinition.verifyProductName(stepDefinition.java:54)
	at ✽.Then Verify the product name as Nikon D3X(src/test/java/features/AmazonSearchProduct.feature:7)
</failure>
  </testcase>
</testsuite>